<?xml version="1.0" encoding="UTF-8"?>
<!-- Generated by org.testng.reporters.JUnitReportReporter -->
<testsuite hostname="MSI" failures="0" tests="1" name="testing.Runner" time="0.045" errors="0" timestamp="2022-09-29T15:29:52 WIB" skipped="0">
  <testcase classname="testing.Runner" name="runScenario" time="0.045"/>
  <system-out/>
</testsuite> <!-- testing.Runner -->
